D:\vs\MSBuild\Microsoft\VC\v170\Microsoft.CppBuild.targets(517,5): warning MSB8028: The intermediate directory (x64\Release\) contains files shared from another project (VenomVgreen.vcxproj).  This can lead to incorrect clean and rebuild behavior.
  reverse.cpp
C:\Users\innit\Desktop\fortnite src\fortnite-updated-source-main_1\fortnite-updated-source-main\reverse\reverse.h(142,28): warning C4244: 'return': conversion from 'double' to 'float', possible loss of data
C:\Users\innit\Desktop\fortnite src\fortnite-updated-source-main_1\fortnite-updated-source-main\reverse\reverse.h(147,31): warning C4244: 'argument': conversion from 'double' to 'float', possible loss of data
C:\Users\innit\Desktop\fortnite src\fortnite-updated-source-main_1\fortnite-updated-source-main\reverse\reverse.h(147,52): warning C4244: 'argument': conversion from 'double' to 'float', possible loss of data
C:\Users\innit\Desktop\fortnite src\fortnite-updated-source-main_1\fortnite-updated-source-main\reverse\reverse.h(147,73): warning C4244: 'argument': conversion from 'double' to 'float', possible loss of data
C:\Users\innit\Desktop\fortnite src\fortnite-updated-source-main_1\fortnite-updated-source-main\reverse\reverse.h(152,38): warning C4244: 'argument': conversion from 'double' to 'float', possible loss of data
C:\Users\innit\Desktop\fortnite src\fortnite-updated-source-main_1\fortnite-updated-source-main\reverse\reverse.h(152,29): warning C4244: 'argument': conversion from 'double' to 'float', possible loss of data
C:\Users\innit\Desktop\fortnite src\fortnite-updated-source-main_1\fortnite-updated-source-main\reverse\reverse.h(152,20): warning C4244: 'argument': conversion from 'double' to 'float', possible loss of data
C:\Users\innit\Desktop\fortnite src\fortnite-updated-source-main_1\fortnite-updated-source-main\reverse\reverse.h(157,38): warning C4244: 'argument': conversion from 'double' to 'float', possible loss of data
C:\Users\innit\Desktop\fortnite src\fortnite-updated-source-main_1\fortnite-updated-source-main\reverse\reverse.h(157,29): warning C4244: 'argument': conversion from 'double' to 'float', possible loss of data
C:\Users\innit\Desktop\fortnite src\fortnite-updated-source-main_1\fortnite-updated-source-main\reverse\reverse.h(157,20): warning C4244: 'argument': conversion from 'double' to 'float', possible loss of data
C:\Users\innit\Desktop\fortnite src\fortnite-updated-source-main_1\fortnite-updated-source-main\reverse\reverse.h(161,44): warning C4244: 'argument': conversion from 'double' to 'float', possible loss of data
C:\Users\innit\Desktop\fortnite src\fortnite-updated-source-main_1\fortnite-updated-source-main\reverse\reverse.h(161,32): warning C4244: 'argument': conversion from 'double' to 'float', possible loss of data
C:\Users\innit\Desktop\fortnite src\fortnite-updated-source-main_1\fortnite-updated-source-main\reverse\reverse.h(161,20): warning C4244: 'argument': conversion from 'double' to 'float', possible loss of data
C:\Users\innit\Desktop\fortnite src\fortnite-updated-source-main_1\fortnite-updated-source-main\reverse\reverse.h(181,22): warning C4244: '=': conversion from 'double' to 'float', possible loss of data
C:\Users\innit\Desktop\fortnite src\fortnite-updated-source-main_1\fortnite-updated-source-main\reverse\reverse.h(182,22): warning C4244: '=': conversion from 'double' to 'float', possible loss of data
C:\Users\innit\Desktop\fortnite src\fortnite-updated-source-main_1\fortnite-updated-source-main\reverse\reverse.h(183,22): warning C4244: '=': conversion from 'double' to 'float', possible loss of data
C:\Users\innit\Desktop\fortnite src\fortnite-updated-source-main_1\fortnite-updated-source-main\reverse\reverse.h(185,12): warning C4244: 'initializing': conversion from 'double' to 'float', possible loss of data
C:\Users\innit\Desktop\fortnite src\fortnite-updated-source-main_1\fortnite-updated-source-main\reverse\reverse.h(186,12): warning C4244: 'initializing': conversion from 'double' to 'float', possible loss of data
C:\Users\innit\Desktop\fortnite src\fortnite-updated-source-main_1\fortnite-updated-source-main\reverse\reverse.h(187,12): warning C4244: 'initializing': conversion from 'double' to 'float', possible loss of data
C:\Users\innit\Desktop\fortnite src\fortnite-updated-source-main_1\fortnite-updated-source-main\reverse\reverse.h(189,13): warning C4244: 'initializing': conversion from 'double' to 'float', possible loss of data
C:\Users\innit\Desktop\fortnite src\fortnite-updated-source-main_1\fortnite-updated-source-main\reverse\reverse.h(190,13): warning C4244: 'initializing': conversion from 'double' to 'float', possible loss of data
C:\Users\innit\Desktop\fortnite src\fortnite-updated-source-main_1\fortnite-updated-source-main\reverse\reverse.h(191,13): warning C4244: 'initializing': conversion from 'double' to 'float', possible loss of data
C:\Users\innit\Desktop\fortnite src\fortnite-updated-source-main_1\fortnite-updated-source-main\reverse\reverse.h(192,32): warning C4244: '=': conversion from 'double' to 'float', possible loss of data
C:\Users\innit\Desktop\fortnite src\fortnite-updated-source-main_1\fortnite-updated-source-main\reverse\reverse.h(193,32): warning C4244: '=': conversion from 'double' to 'float', possible loss of data
C:\Users\innit\Desktop\fortnite src\fortnite-updated-source-main_1\fortnite-updated-source-main\reverse\reverse.h(194,32): warning C4244: '=': conversion from 'double' to 'float', possible loss of data
C:\Users\innit\Desktop\fortnite src\fortnite-updated-source-main_1\fortnite-updated-source-main\reverse\reverse.h(196,13): warning C4244: 'initializing': conversion from 'double' to 'float', possible loss of data
C:\Users\innit\Desktop\fortnite src\fortnite-updated-source-main_1\fortnite-updated-source-main\reverse\reverse.h(197,13): warning C4244: 'initializing': conversion from 'double' to 'float', possible loss of data
C:\Users\innit\Desktop\fortnite src\fortnite-updated-source-main_1\fortnite-updated-source-main\reverse\reverse.h(198,23): warning C4244: '=': conversion from 'double' to 'float', possible loss of data
C:\Users\innit\Desktop\fortnite src\fortnite-updated-source-main_1\fortnite-updated-source-main\reverse\reverse.h(199,23): warning C4244: '=': conversion from 'double' to 'float', possible loss of data
C:\Users\innit\Desktop\fortnite src\fortnite-updated-source-main_1\fortnite-updated-source-main\reverse\reverse.h(201,13): warning C4244: 'initializing': conversion from 'double' to 'float', possible loss of data
C:\Users\innit\Desktop\fortnite src\fortnite-updated-source-main_1\fortnite-updated-source-main\reverse\reverse.h(202,13): warning C4244: 'initializing': conversion from 'double' to 'float', possible loss of data
C:\Users\innit\Desktop\fortnite src\fortnite-updated-source-main_1\fortnite-updated-source-main\reverse\reverse.h(203,23): warning C4244: '=': conversion from 'double' to 'float', possible loss of data
C:\Users\innit\Desktop\fortnite src\fortnite-updated-source-main_1\fortnite-updated-source-main\reverse\reverse.h(204,23): warning C4244: '=': conversion from 'double' to 'float', possible loss of data
C:\Users\innit\Desktop\fortnite src\fortnite-updated-source-main_1\fortnite-updated-source-main\reverse\reverse.h(206,13): warning C4244: 'initializing': conversion from 'double' to 'float', possible loss of data
C:\Users\innit\Desktop\fortnite src\fortnite-updated-source-main_1\fortnite-updated-source-main\reverse\reverse.h(207,13): warning C4244: 'initializing': conversion from 'double' to 'float', possible loss of data
C:\Users\innit\Desktop\fortnite src\fortnite-updated-source-main_1\fortnite-updated-source-main\reverse\reverse.h(208,23): warning C4244: '=': conversion from 'double' to 'float', possible loss of data
C:\Users\innit\Desktop\fortnite src\fortnite-updated-source-main_1\fortnite-updated-source-main\reverse\reverse.h(209,23): warning C4244: '=': conversion from 'double' to 'float', possible loss of data
C:\Users\innit\Desktop\fortnite src\fortnite-updated-source-main_1\fortnite-updated-source-main\reverse\reverse.h(250,74): warning C4267: 'argument': conversion from 'size_t' to 'int', possible loss of data
C:\Users\innit\Desktop\fortnite src\fortnite-updated-source-main_1\fortnite-updated-source-main\reverse\xor.hpp(211,22): warning C4244: 'return': conversion from 'int' to 'char', possible loss of data
C:\Program Files (x86)\Windows Kits\10\Include\10.0.22000.0\um\uxtheme.h(1600,57): warning C4459: declaration of 'hwnd' hides global declaration
C:\Users\innit\Desktop\fortnite src\fortnite-updated-source-main_1\fortnite-updated-source-main\reverse\reverse.h(26,6): message : see declaration of 'hwnd'
C:\Users\innit\Desktop\fortnite src\fortnite-updated-source-main_1\fortnite-updated-source-main\reverse\Keybind.h(55,22): warning C4100: 'blank': unreferenced formal parameter
C:\Users\innit\Desktop\fortnite src\fortnite-updated-source-main_1\fortnite-updated-source-main\reverse\Keybind.h(71,24): warning C4100: 'blank': unreferenced formal parameter
C:\Users\innit\Desktop\fortnite src\fortnite-updated-source-main_1\fortnite-updated-source-main\reverse\Keybind.h(87,25): warning C4100: 'blank': unreferenced formal parameter
C:\Users\innit\Desktop\fortnite src\fortnite-updated-source-main_1\fortnite-updated-source-main\reverse\Keybind.h(103,23): warning C4100: 'blank': unreferenced formal parameter
C:\Users\innit\Desktop\fortnite src\fortnite-updated-source-main_1\fortnite-updated-source-main\reverse\Keybind.h(119,26): warning C4100: 'blank': unreferenced formal parameter
C:\Users\innit\Desktop\fortnite src\fortnite-updated-source-main_1\fortnite-updated-source-main\reverse\Keybind.h(785,14): warning C4459: declaration of 'aimkeys' hides global declaration
C:\Users\innit\Desktop\fortnite src\fortnite-updated-source-main_1\fortnite-updated-source-main\reverse\reverse.h(44,20): message : see declaration of 'aimkeys'
reverse.cpp(54,28): warning C4305: 'initializing': truncation from 'double' to 'float'
reverse.cpp(96,59): warning C4099: 'Vector3': type name first seen using 'class' now seen using 'struct'
C:\Users\innit\Desktop\fortnite src\fortnite-updated-source-main_1\fortnite-updated-source-main\reverse\reverse.h(119,7): message : see declaration of 'Vector3'
reverse.cpp(97,62): warning C4099: 'Vector3': type name first seen using 'class' now seen using 'struct'
C:\Users\innit\Desktop\fortnite src\fortnite-updated-source-main_1\fortnite-updated-source-main\reverse\reverse.h(119,7): message : see declaration of 'Vector3'
reverse.cpp(411,17): warning C4244: 'initializing': conversion from 'double' to 'float', possible loss of data
reverse.cpp(412,15): warning C4244: 'initializing': conversion from 'double' to 'float', possible loss of data
reverse.cpp(413,16): warning C4244: 'initializing': conversion from 'double' to 'float', possible loss of data
reverse.cpp(438,25): warning C4244: '=': conversion from 'double' to 'float', possible loss of data
reverse.cpp(439,25): warning C4244: '=': conversion from 'double' to 'float', possible loss of data
reverse.cpp(440,25): warning C4244: '=': conversion from 'double' to 'float', possible loss of data
reverse.cpp(465,32): warning C4244: '=': conversion from 'T' to 'float', possible loss of data
          with
          [
              T=double
          ]
reverse.cpp(459,10): warning C4101: 'v7': unreferenced local variable
reverse.cpp(460,10): warning C4101: 'v8': unreferenced local variable
reverse.cpp(458,10): warning C4101: 'v6': unreferenced local variable
reverse.cpp(502,154): warning C4244: 'argument': conversion from 'double' to 'float', possible loss of data
reverse.cpp(502,32): warning C4244: 'argument': conversion from 'double' to 'float', possible loss of data
reverse.cpp(507,172): warning C4244: 'argument': conversion from 'double' to 'float', possible loss of data
reverse.cpp(507,154): warning C4244: 'argument': conversion from 'double' to 'float', possible loss of data
reverse.cpp(507,136): warning C4244: 'argument': conversion from 'double' to 'float', possible loss of data
reverse.cpp(507,118): warning C4244: 'argument': conversion from 'double' to 'float', possible loss of data
reverse.cpp(507,183): warning C4244: 'argument': conversion from 'int' to 'float', possible loss of data
reverse.cpp(507,66): warning C4244: 'argument': conversion from 'int' to 'float', possible loss of data
reverse.cpp(507,62): warning C4244: 'argument': conversion from 'int' to 'float', possible loss of data
reverse.cpp(507,50): warning C4244: 'argument': conversion from 'int' to 'float', possible loss of data
reverse.cpp(507,46): warning C4244: 'argument': conversion from 'int' to 'float', possible loss of data
reverse.cpp(518,140): warning C4305: 'argument': truncation from 'double' to 'float'
reverse.cpp(518,51): warning C4244: 'argument': conversion from 'int' to 'float', possible loss of data
reverse.cpp(518,46): warning C4244: 'argument': conversion from 'int' to 'float', possible loss of data
reverse.cpp(519,140): warning C4305: 'argument': truncation from 'double' to 'float'
reverse.cpp(519,51): warning C4244: 'argument': conversion from 'int' to 'float', possible loss of data
reverse.cpp(519,46): warning C4244: 'argument': conversion from 'int' to 'float', possible loss of data
reverse.cpp(520,140): warning C4305: 'argument': truncation from 'double' to 'float'
reverse.cpp(520,53): warning C4244: 'argument': conversion from 'int' to 'float', possible loss of data
reverse.cpp(520,48): warning C4244: 'argument': conversion from 'int' to 'float', possible loss of data
reverse.cpp(521,140): warning C4305: 'argument': truncation from 'double' to 'float'
reverse.cpp(521,53): warning C4244: 'argument': conversion from 'int' to 'float', possible loss of data
reverse.cpp(521,48): warning C4244: 'argument': conversion from 'int' to 'float', possible loss of data
reverse.cpp(522,49): warning C4244: 'argument': conversion from 'int' to 'float', possible loss of data
reverse.cpp(522,46): warning C4244: 'argument': conversion from 'int' to 'float', possible loss of data
reverse.cpp(558,96): warning C4244: 'argument': conversion from 'double' to 'float', possible loss of data
reverse.cpp(558,84): warning C4244: 'argument': conversion from 'double' to 'float', possible loss of data
reverse.cpp(558,64): warning C4244: 'argument': conversion from 'double' to 'float', possible loss of data
reverse.cpp(558,53): warning C4244: 'argument': conversion from 'double' to 'float', possible loss of data
reverse.cpp(559,114): warning C4244: 'argument': conversion from 'double' to 'float', possible loss of data
reverse.cpp(559,102): warning C4244: 'argument': conversion from 'double' to 'float', possible loss of data
reverse.cpp(559,82): warning C4244: 'argument': conversion from 'double' to 'float', possible loss of data
reverse.cpp(559,62): warning C4244: 'argument': conversion from 'double' to 'float', possible loss of data
reverse.cpp(560,116): warning C4244: 'argument': conversion from 'double' to 'float', possible loss of data
reverse.cpp(560,104): warning C4244: 'argument': conversion from 'double' to 'float', possible loss of data
reverse.cpp(560,84): warning C4244: 'argument': conversion from 'double' to 'float', possible loss of data
reverse.cpp(560,63): warning C4244: 'argument': conversion from 'double' to 'float', possible loss of data
reverse.cpp(561,122): warning C4244: 'argument': conversion from 'double' to 'float', possible loss of data
reverse.cpp(561,102): warning C4244: 'argument': conversion from 'double' to 'float', possible loss of data
reverse.cpp(561,74): warning C4244: 'argument': conversion from 'double' to 'float', possible loss of data
reverse.cpp(561,58): warning C4244: 'argument': conversion from 'double' to 'float', possible loss of data
reverse.cpp(562,126): warning C4244: 'argument': conversion from 'double' to 'float', possible loss of data
reverse.cpp(562,105): warning C4244: 'argument': conversion from 'double' to 'float', possible loss of data
reverse.cpp(562,76): warning C4244: 'argument': conversion from 'double' to 'float', possible loss of data
reverse.cpp(562,59): warning C4244: 'argument': conversion from 'double' to 'float', possible loss of data
reverse.cpp(563,116): warning C4244: 'argument': conversion from 'double' to 'float', possible loss of data
reverse.cpp(563,99): warning C4244: 'argument': conversion from 'double' to 'float', possible loss of data
reverse.cpp(563,74): warning C4244: 'argument': conversion from 'double' to 'float', possible loss of data
reverse.cpp(563,58): warning C4244: 'argument': conversion from 'double' to 'float', possible loss of data
reverse.cpp(564,120): warning C4244: 'argument': conversion from 'double' to 'float', possible loss of data
reverse.cpp(564,102): warning C4244: 'argument': conversion from 'double' to 'float', possible loss of data
reverse.cpp(564,76): warning C4244: 'argument': conversion from 'double' to 'float', possible loss of data
reverse.cpp(564,59): warning C4244: 'argument': conversion from 'double' to 'float', possible loss of data
reverse.cpp(565,106): warning C4244: 'argument': conversion from 'double' to 'float', possible loss of data
reverse.cpp(565,95): warning C4244: 'argument': conversion from 'double' to 'float', possible loss of data
reverse.cpp(565,76): warning C4244: 'argument': conversion from 'double' to 'float', possible loss of data
reverse.cpp(565,59): warning C4244: 'argument': conversion from 'double' to 'float', possible loss of data
reverse.cpp(566,108): warning C4244: 'argument': conversion from 'double' to 'float', possible loss of data
reverse.cpp(566,97): warning C4244: 'argument': conversion from 'double' to 'float', possible loss of data
reverse.cpp(566,78): warning C4244: 'argument': conversion from 'double' to 'float', possible loss of data
reverse.cpp(566,60): warning C4244: 'argument': conversion from 'double' to 'float', possible loss of data
reverse.cpp(567,116): warning C4244: 'argument': conversion from 'double' to 'float', possible loss of data
reverse.cpp(567,99): warning C4244: 'argument': conversion from 'double' to 'float', possible loss of data
reverse.cpp(567,74): warning C4244: 'argument': conversion from 'double' to 'float', possible loss of data
reverse.cpp(567,58): warning C4244: 'argument': conversion from 'double' to 'float', possible loss of data
reverse.cpp(568,120): warning C4244: 'argument': conversion from 'double' to 'float', possible loss of data
reverse.cpp(568,102): warning C4244: 'argument': conversion from 'double' to 'float', possible loss of data
reverse.cpp(568,76): warning C4244: 'argument': conversion from 'double' to 'float', possible loss of data
reverse.cpp(568,59): warning C4244: 'argument': conversion from 'double' to 'float', possible loss of data
reverse.cpp(569,114): warning C4244: 'argument': conversion from 'double' to 'float', possible loss of data
reverse.cpp(569,98): warning C4244: 'argument': conversion from 'double' to 'float', possible loss of data
reverse.cpp(569,74): warning C4244: 'argument': conversion from 'double' to 'float', possible loss of data
reverse.cpp(569,58): warning C4244: 'argument': conversion from 'double' to 'float', possible loss of data
reverse.cpp(570,118): warning C4244: 'argument': conversion from 'double' to 'float', possible loss of data
reverse.cpp(570,101): warning C4244: 'argument': conversion from 'double' to 'float', possible loss of data
reverse.cpp(570,76): warning C4244: 'argument': conversion from 'double' to 'float', possible loss of data
reverse.cpp(570,59): warning C4244: 'argument': conversion from 'double' to 'float', possible loss of data
reverse.cpp(616,154): warning C4244: 'argument': conversion from 'double' to 'float', possible loss of data
reverse.cpp(616,136): warning C4244: 'argument': conversion from 'double' to 'float', possible loss of data
reverse.cpp(616,118): warning C4244: 'argument': conversion from 'double' to 'float', possible loss of data
reverse.cpp(616,100): warning C4244: 'argument': conversion from 'double' to 'float', possible loss of data
reverse.cpp(616,49): warning C4244: 'argument': conversion from 'int' to 'float', possible loss of data
reverse.cpp(616,46): warning C4244: 'argument': conversion from 'int' to 'float', possible loss of data
reverse.cpp(621,164): warning C4244: 'argument': conversion from 'double' to 'float', possible loss of data
reverse.cpp(621,146): warning C4244: 'argument': conversion from 'double' to 'float', possible loss of data
reverse.cpp(621,128): warning C4244: 'argument': conversion from 'double' to 'float', possible loss of data
reverse.cpp(621,110): warning C4244: 'argument': conversion from 'double' to 'float', possible loss of data
reverse.cpp(621,55): warning C4244: 'argument': conversion from 'int' to 'float', possible loss of data
reverse.cpp(621,51): warning C4244: 'argument': conversion from 'int' to 'float', possible loss of data
reverse.cpp(621,48): warning C4244: 'argument': conversion from 'int' to 'float', possible loss of data
reverse.cpp(625,126): warning C4244: 'argument': conversion from 'int' to 'float', possible loss of data
reverse.cpp(626,102): warning C4244: 'argument': conversion from 'int' to 'float', possible loss of data
reverse.cpp(628,46): warning C4459: declaration of 'h' hides global declaration
C:\Users\innit\Desktop\fortnite src\fortnite-updated-source-main_1\fortnite-updated-source-main\reverse\Print.hpp(13,8): message : see declaration of 'h'
reverse.cpp(630,75): warning C4244: 'argument': conversion from 'int' to 'float', possible loss of data
reverse.cpp(630,68): warning C4244: 'argument': conversion from 'int' to 'float', possible loss of data
reverse.cpp(630,55): warning C4244: 'argument': conversion from 'int' to 'float', possible loss of data
reverse.cpp(630,52): warning C4244: 'argument': conversion from 'int' to 'float', possible loss of data
reverse.cpp(632,45): warning C4459: declaration of 'h' hides global declaration
C:\Users\innit\Desktop\fortnite src\fortnite-updated-source-main_1\fortnite-updated-source-main\reverse\Print.hpp(13,8): message : see declaration of 'h'
reverse.cpp(645,14): warning C4244: 'initializing': conversion from 'int' to 'float', possible loss of data
reverse.cpp(646,14): warning C4244: 'initializing': conversion from 'int' to 'float', possible loss of data
reverse.cpp(649,158): warning C4305: 'argument': truncation from 'double' to 'float'
reverse.cpp(649,60): warning C4244: 'argument': conversion from 'int' to 'float', possible loss of data
reverse.cpp(649,49): warning C4244: 'argument': conversion from 'int' to 'float', possible loss of data
reverse.cpp(649,46): warning C4244: 'argument': conversion from 'int' to 'float', possible loss of data
reverse.cpp(650,158): warning C4305: 'argument': truncation from 'double' to 'float'
reverse.cpp(650,71): warning C4244: 'argument': conversion from 'int' to 'float', possible loss of data
reverse.cpp(650,49): warning C4244: 'argument': conversion from 'int' to 'float', possible loss of data
reverse.cpp(650,46): warning C4244: 'argument': conversion from 'int' to 'float', possible loss of data
reverse.cpp(651,166): warning C4305: 'argument': truncation from 'double' to 'float'
reverse.cpp(651,79): warning C4244: 'argument': conversion from 'int' to 'float', possible loss of data
reverse.cpp(651,74): warning C4244: 'argument': conversion from 'int' to 'float', possible loss of data
reverse.cpp(651,61): warning C4244: 'argument': conversion from 'int' to 'float', possible loss of data
reverse.cpp(652,166): warning C4305: 'argument': truncation from 'double' to 'float'
reverse.cpp(652,66): warning C4244: 'argument': conversion from 'int' to 'float', possible loss of data
reverse.cpp(652,53): warning C4244: 'argument': conversion from 'int' to 'float', possible loss of data
reverse.cpp(652,48): warning C4244: 'argument': conversion from 'int' to 'float', possible loss of data
reverse.cpp(653,166): warning C4305: 'argument': truncation from 'double' to 'float'
reverse.cpp(653,77): warning C4244: 'argument': conversion from 'int' to 'float', possible loss of data
reverse.cpp(653,72): warning C4244: 'argument': conversion from 'int' to 'float', possible loss of data
reverse.cpp(653,46): warning C4244: 'argument': conversion from 'int' to 'float', possible loss of data
reverse.cpp(654,166): warning C4305: 'argument': truncation from 'double' to 'float'
reverse.cpp(654,77): warning C4244: 'argument': conversion from 'int' to 'float', possible loss of data
reverse.cpp(654,51): warning C4244: 'argument': conversion from 'int' to 'float', possible loss of data
reverse.cpp(654,46): warning C4244: 'argument': conversion from 'int' to 'float', possible loss of data
reverse.cpp(655,174): warning C4305: 'argument': truncation from 'double' to 'float'
reverse.cpp(655,85): warning C4244: 'argument': conversion from 'int' to 'float', possible loss of data
reverse.cpp(655,78): warning C4244: 'argument': conversion from 'int' to 'float', possible loss of data
reverse.cpp(655,63): warning C4244: 'argument': conversion from 'int' to 'float', possible loss of data
reverse.cpp(656,174): warning C4305: 'argument': truncation from 'double' to 'float'
reverse.cpp(656,85): warning C4244: 'argument': conversion from 'int' to 'float', possible loss of data
reverse.cpp(656,78): warning C4244: 'argument': conversion from 'int' to 'float', possible loss of data
reverse.cpp(656,48): warning C4244: 'argument': conversion from 'int' to 'float', possible loss of data
reverse.cpp(659,102): warning C4244: 'argument': conversion from 'int' to 'float', possible loss of data
reverse.cpp(659,60): warning C4244: 'argument': conversion from 'int' to 'float', possible loss of data
reverse.cpp(659,49): warning C4244: 'argument': conversion from 'int' to 'float', possible loss of data
reverse.cpp(659,46): warning C4244: 'argument': conversion from 'int' to 'float', possible loss of data
reverse.cpp(660,102): warning C4244: 'argument': conversion from 'int' to 'float', possible loss of data
reverse.cpp(660,71): warning C4244: 'argument': conversion from 'int' to 'float', possible loss of data
reverse.cpp(660,49): warning C4244: 'argument': conversion from 'int' to 'float', possible loss of data
reverse.cpp(660,46): warning C4244: 'argument': conversion from 'int' to 'float', possible loss of data
reverse.cpp(661,110): warning C4244: 'argument': conversion from 'int' to 'float', possible loss of data
reverse.cpp(661,79): warning C4244: 'argument': conversion from 'int' to 'float', possible loss of data
reverse.cpp(661,74): warning C4244: 'argument': conversion from 'int' to 'float', possible loss of data
reverse.cpp(661,61): warning C4244: 'argument': conversion from 'int' to 'float', possible loss of data
reverse.cpp(662,110): warning C4244: 'argument': conversion from 'int' to 'float', possible loss of data
reverse.cpp(662,66): warning C4244: 'argument': conversion from 'int' to 'float', possible loss of data
reverse.cpp(662,53): warning C4244: 'argument': conversion from 'int' to 'float', possible loss of data
reverse.cpp(662,48): warning C4244: 'argument': conversion from 'int' to 'float', possible loss of data
reverse.cpp(663,110): warning C4244: 'argument': conversion from 'int' to 'float', possible loss of data
reverse.cpp(663,77): warning C4244: 'argument': conversion from 'int' to 'float', possible loss of data
reverse.cpp(663,72): warning C4244: 'argument': conversion from 'int' to 'float', possible loss of data
reverse.cpp(663,46): warning C4244: 'argument': conversion from 'int' to 'float', possible loss of data
reverse.cpp(664,110): warning C4244: 'argument': conversion from 'int' to 'float', possible loss of data
reverse.cpp(664,77): warning C4244: 'argument': conversion from 'int' to 'float', possible loss of data
reverse.cpp(664,51): warning C4244: 'argument': conversion from 'int' to 'float', possible loss of data
reverse.cpp(664,46): warning C4244: 'argument': conversion from 'int' to 'float', possible loss of data
reverse.cpp(665,118): warning C4244: 'argument': conversion from 'int' to 'float', possible loss of data
reverse.cpp(665,85): warning C4244: 'argument': conversion from 'int' to 'float', possible loss of data
reverse.cpp(665,78): warning C4244: 'argument': conversion from 'int' to 'float', possible loss of data
reverse.cpp(665,63): warning C4244: 'argument': conversion from 'int' to 'float', possible loss of data
reverse.cpp(666,118): warning C4244: 'argument': conversion from 'int' to 'float', possible loss of data
reverse.cpp(666,85): warning C4244: 'argument': conversion from 'int' to 'float', possible loss of data
reverse.cpp(666,78): warning C4244: 'argument': conversion from 'int' to 'float', possible loss of data
reverse.cpp(666,48): warning C4244: 'argument': conversion from 'int' to 'float', possible loss of data
reverse.cpp(671,31): warning C4267: 'initializing': conversion from 'size_t' to 'int', possible loss of data
reverse.cpp(671,6): warning C4189: 'len': local variable is initialized but not referenced
reverse.cpp(703,9): warning C4244: '=': conversion from 'float' to 'int', possible loss of data
reverse.cpp(704,9): warning C4244: '=': conversion from 'float' to 'int', possible loss of data
reverse.cpp(708,84): warning C4244: 'argument': conversion from 'int' to 'float', possible loss of data
reverse.cpp(708,77): warning C4244: 'argument': conversion from 'int' to 'float', possible loss of data
reverse.cpp(709,84): warning C4244: 'argument': conversion from 'int' to 'float', possible loss of data
reverse.cpp(709,77): warning C4244: 'argument': conversion from 'int' to 'float', possible loss of data
reverse.cpp(710,84): warning C4244: 'argument': conversion from 'int' to 'float', possible loss of data
reverse.cpp(710,77): warning C4244: 'argument': conversion from 'int' to 'float', possible loss of data
reverse.cpp(711,84): warning C4244: 'argument': conversion from 'int' to 'float', possible loss of data
reverse.cpp(711,77): warning C4244: 'argument': conversion from 'int' to 'float', possible loss of data
reverse.cpp(713,181): warning C4244: 'argument': conversion from 'double' to 'float', possible loss of data
reverse.cpp(713,164): warning C4244: 'argument': conversion from 'double' to 'float', possible loss of data
reverse.cpp(713,146): warning C4244: 'argument': conversion from 'double' to 'float', possible loss of data
reverse.cpp(713,128): warning C4244: 'argument': conversion from 'double' to 'float', possible loss of data
reverse.cpp(713,77): warning C4244: 'argument': conversion from 'int' to 'float', possible loss of data
reverse.cpp(713,74): warning C4244: 'argument': conversion from 'int' to 'float', possible loss of data
reverse.cpp(778,25): warning C4100: 'in': unreferenced formal parameter
reverse.cpp(895,37): warning C4474: 'printf' : too many arguments passed for format string
reverse.cpp(895,37): message : placeholders and their parameters expect 0 variadic arguments, but 1 were provided
reverse.cpp(850,32): warning C4100: 'argv': unreferenced formal parameter
reverse.cpp(850,14): warning C4100: 'argc': unreferenced formal parameter
reverse.cpp(1088,8): warning C4459: declaration of 'ScreenCenterX' hides global declaration
reverse.cpp(92,7): message : see declaration of 'ScreenCenterX'
reverse.cpp(1088,22): warning C4244: 'initializing': conversion from 'int' to 'float', possible loss of data
reverse.cpp(1089,8): warning C4459: declaration of 'ScreenCenterY' hides global declaration
reverse.cpp(93,7): message : see declaration of 'ScreenCenterY'
reverse.cpp(1089,22): warning C4244: 'initializing': conversion from 'int' to 'float', possible loss of data
reverse.cpp(1090,15): warning C4244: 'initializing': conversion from 'float' to 'int', possible loss of data
reverse.cpp(1130,42): warning C4244: 'argument': conversion from 'float' to 'int', possible loss of data
reverse.cpp(1130,31): warning C4244: 'argument': conversion from 'float' to 'int', possible loss of data
reverse.cpp(1377,96): warning C4244: 'argument': conversion from 'double' to 'float', possible loss of data
reverse.cpp(1377,84): warning C4244: 'argument': conversion from 'double' to 'float', possible loss of data
reverse.cpp(1377,64): warning C4244: 'argument': conversion from 'double' to 'float', possible loss of data
reverse.cpp(1377,53): warning C4244: 'argument': conversion from 'double' to 'float', possible loss of data
reverse.cpp(1378,114): warning C4244: 'argument': conversion from 'double' to 'float', possible loss of data
reverse.cpp(1378,102): warning C4244: 'argument': conversion from 'double' to 'float', possible loss of data
reverse.cpp(1378,82): warning C4244: 'argument': conversion from 'double' to 'float', possible loss of data
reverse.cpp(1378,62): warning C4244: 'argument': conversion from 'double' to 'float', possible loss of data
reverse.cpp(1379,116): warning C4244: 'argument': conversion from 'double' to 'float', possible loss of data
reverse.cpp(1379,104): warning C4244: 'argument': conversion from 'double' to 'float', possible loss of data
reverse.cpp(1379,84): warning C4244: 'argument': conversion from 'double' to 'float', possible loss of data
reverse.cpp(1379,63): warning C4244: 'argument': conversion from 'double' to 'float', possible loss of data
reverse.cpp(1380,122): warning C4244: 'argument': conversion from 'double' to 'float', possible loss of data
reverse.cpp(1380,102): warning C4244: 'argument': conversion from 'double' to 'float', possible loss of data
reverse.cpp(1380,74): warning C4244: 'argument': conversion from 'double' to 'float', possible loss of data
reverse.cpp(1380,58): warning C4244: 'argument': conversion from 'double' to 'float', possible loss of data
reverse.cpp(1381,126): warning C4244: 'argument': conversion from 'double' to 'float', possible loss of data
reverse.cpp(1381,105): warning C4244: 'argument': conversion from 'double' to 'float', possible loss of data
reverse.cpp(1381,76): warning C4244: 'argument': conversion from 'double' to 'float', possible loss of data
reverse.cpp(1381,59): warning C4244: 'argument': conversion from 'double' to 'float', possible loss of data
reverse.cpp(1382,116): warning C4244: 'argument': conversion from 'double' to 'float', possible loss of data
reverse.cpp(1382,99): warning C4244: 'argument': conversion from 'double' to 'float', possible loss of data
reverse.cpp(1382,74): warning C4244: 'argument': conversion from 'double' to 'float', possible loss of data
reverse.cpp(1382,58): warning C4244: 'argument': conversion from 'double' to 'float', possible loss of data
reverse.cpp(1383,120): warning C4244: 'argument': conversion from 'double' to 'float', possible loss of data
reverse.cpp(1383,102): warning C4244: 'argument': conversion from 'double' to 'float', possible loss of data
reverse.cpp(1383,76): warning C4244: 'argument': conversion from 'double' to 'float', possible loss of data
reverse.cpp(1383,59): warning C4244: 'argument': conversion from 'double' to 'float', possible loss of data
reverse.cpp(1384,106): warning C4244: 'argument': conversion from 'double' to 'float', possible loss of data
reverse.cpp(1384,95): warning C4244: 'argument': conversion from 'double' to 'float', possible loss of data
reverse.cpp(1384,76): warning C4244: 'argument': conversion from 'double' to 'float', possible loss of data
reverse.cpp(1384,59): warning C4244: 'argument': conversion from 'double' to 'float', possible loss of data
reverse.cpp(1385,108): warning C4244: 'argument': conversion from 'double' to 'float', possible loss of data
reverse.cpp(1385,97): warning C4244: 'argument': conversion from 'double' to 'float', possible loss of data
reverse.cpp(1385,78): warning C4244: 'argument': conversion from 'double' to 'float', possible loss of data
reverse.cpp(1385,60): warning C4244: 'argument': conversion from 'double' to 'float', possible loss of data
reverse.cpp(1386,116): warning C4244: 'argument': conversion from 'double' to 'float', possible loss of data
reverse.cpp(1386,99): warning C4244: 'argument': conversion from 'double' to 'float', possible loss of data
reverse.cpp(1386,74): warning C4244: 'argument': conversion from 'double' to 'float', possible loss of data
reverse.cpp(1386,58): warning C4244: 'argument': conversion from 'double' to 'float', possible loss of data
reverse.cpp(1387,120): warning C4244: 'argument': conversion from 'double' to 'float', possible loss of data
reverse.cpp(1387,102): warning C4244: 'argument': conversion from 'double' to 'float', possible loss of data
reverse.cpp(1387,76): warning C4244: 'argument': conversion from 'double' to 'float', possible loss of data
reverse.cpp(1387,59): warning C4244: 'argument': conversion from 'double' to 'float', possible loss of data
reverse.cpp(1388,114): warning C4244: 'argument': conversion from 'double' to 'float', possible loss of data
reverse.cpp(1388,98): warning C4244: 'argument': conversion from 'double' to 'float', possible loss of data
reverse.cpp(1388,74): warning C4244: 'argument': conversion from 'double' to 'float', possible loss of data
reverse.cpp(1388,58): warning C4244: 'argument': conversion from 'double' to 'float', possible loss of data
reverse.cpp(1389,118): warning C4244: 'argument': conversion from 'double' to 'float', possible loss of data
reverse.cpp(1389,101): warning C4244: 'argument': conversion from 'double' to 'float', possible loss of data
reverse.cpp(1389,76): warning C4244: 'argument': conversion from 'double' to 'float', possible loss of data
reverse.cpp(1389,59): warning C4244: 'argument': conversion from 'double' to 'float', possible loss of data
reverse.cpp(1424,96): warning C4244: 'argument': conversion from 'double' to 'float', possible loss of data
reverse.cpp(1424,84): warning C4244: 'argument': conversion from 'double' to 'float', possible loss of data
reverse.cpp(1424,64): warning C4244: 'argument': conversion from 'double' to 'float', possible loss of data
reverse.cpp(1424,53): warning C4244: 'argument': conversion from 'double' to 'float', possible loss of data
reverse.cpp(1425,114): warning C4244: 'argument': conversion from 'double' to 'float', possible loss of data
reverse.cpp(1425,102): warning C4244: 'argument': conversion from 'double' to 'float', possible loss of data
reverse.cpp(1425,82): warning C4244: 'argument': conversion from 'double' to 'float', possible loss of data
reverse.cpp(1425,62): warning C4244: 'argument': conversion from 'double' to 'float', possible loss of data
reverse.cpp(1426,116): warning C4244: 'argument': conversion from 'double' to 'float', possible loss of data
reverse.cpp(1426,104): warning C4244: 'argument': conversion from 'double' to 'float', possible loss of data
reverse.cpp(1426,84): warning C4244: 'argument': conversion from 'double' to 'float', possible loss of data
reverse.cpp(1426,63): warning C4244: 'argument': conversion from 'double' to 'float', possible loss of data
reverse.cpp(1427,122): warning C4244: 'argument': conversion from 'double' to 'float', possible loss of data
reverse.cpp(1427,102): warning C4244: 'argument': conversion from 'double' to 'float', possible loss of data
reverse.cpp(1427,74): warning C4244: 'argument': conversion from 'double' to 'float', possible loss of data
reverse.cpp(1427,58): warning C4244: 'argument': conversion from 'double' to 'float', possible loss of data
reverse.cpp(1428,126): warning C4244: 'argument': conversion from 'double' to 'float', possible loss of data
reverse.cpp(1428,105): warning C4244: 'argument': conversion from 'double' to 'float', possible loss of data
reverse.cpp(1428,76): warning C4244: 'argument': conversion from 'double' to 'float', possible loss of data
reverse.cpp(1428,59): warning C4244: 'argument': conversion from 'double' to 'float', possible loss of data
reverse.cpp(1429,116): warning C4244: 'argument': conversion from 'double' to 'float', possible loss of data
reverse.cpp(1429,99): warning C4244: 'argument': conversion from 'double' to 'float', possible loss of data
reverse.cpp(1429,74): warning C4244: 'argument': conversion from 'double' to 'float', possible loss of data
reverse.cpp(1429,58): warning C4244: 'argument': conversion from 'double' to 'float', possible loss of data
reverse.cpp(1430,120): warning C4244: 'argument': conversion from 'double' to 'float', possible loss of data
reverse.cpp(1430,102): warning C4244: 'argument': conversion from 'double' to 'float', possible loss of data
reverse.cpp(1430,76): warning C4244: 'argument': conversion from 'double' to 'float', possible loss of data
reverse.cpp(1430,59): warning C4244: 'argument': conversion from 'double' to 'float', possible loss of data
reverse.cpp(1431,106): warning C4244: 'argument': conversion from 'double' to 'float', possible loss of data
reverse.cpp(1431,95): warning C4244: 'argument': conversion from 'double' to 'float', possible loss of data
reverse.cpp(1431,76): warning C4244: 'argument': conversion from 'double' to 'float', possible loss of data
reverse.cpp(1431,59): warning C4244: 'argument': conversion from 'double' to 'float', possible loss of data
reverse.cpp(1432,108): warning C4244: 'argument': conversion from 'double' to 'float', possible loss of data
reverse.cpp(1432,97): warning C4244: 'argument': conversion from 'double' to 'float', possible loss of data
reverse.cpp(1432,78): warning C4244: 'argument': conversion from 'double' to 'float', possible loss of data
reverse.cpp(1432,60): warning C4244: 'argument': conversion from 'double' to 'float', possible loss of data
reverse.cpp(1433,116): warning C4244: 'argument': conversion from 'double' to 'float', possible loss of data
reverse.cpp(1433,99): warning C4244: 'argument': conversion from 'double' to 'float', possible loss of data
reverse.cpp(1433,74): warning C4244: 'argument': conversion from 'double' to 'float', possible loss of data
reverse.cpp(1433,58): warning C4244: 'argument': conversion from 'double' to 'float', possible loss of data
reverse.cpp(1434,120): warning C4244: 'argument': conversion from 'double' to 'float', possible loss of data
reverse.cpp(1434,102): warning C4244: 'argument': conversion from 'double' to 'float', possible loss of data
reverse.cpp(1434,76): warning C4244: 'argument': conversion from 'double' to 'float', possible loss of data
reverse.cpp(1434,59): warning C4244: 'argument': conversion from 'double' to 'float', possible loss of data
reverse.cpp(1435,114): warning C4244: 'argument': conversion from 'double' to 'float', possible loss of data
reverse.cpp(1435,98): warning C4244: 'argument': conversion from 'double' to 'float', possible loss of data
reverse.cpp(1435,74): warning C4244: 'argument': conversion from 'double' to 'float', possible loss of data
reverse.cpp(1435,58): warning C4244: 'argument': conversion from 'double' to 'float', possible loss of data
reverse.cpp(1436,118): warning C4244: 'argument': conversion from 'double' to 'float', possible loss of data
reverse.cpp(1436,101): warning C4244: 'argument': conversion from 'double' to 'float', possible loss of data
reverse.cpp(1436,76): warning C4244: 'argument': conversion from 'double' to 'float', possible loss of data
reverse.cpp(1436,59): warning C4244: 'argument': conversion from 'double' to 'float', possible loss of data
reverse.cpp(1471,96): warning C4244: 'argument': conversion from 'double' to 'float', possible loss of data
reverse.cpp(1471,84): warning C4244: 'argument': conversion from 'double' to 'float', possible loss of data
reverse.cpp(1471,64): warning C4244: 'argument': conversion from 'double' to 'float', possible loss of data
reverse.cpp(1471,53): warning C4244: 'argument': conversion from 'double' to 'float', possible loss of data
reverse.cpp(1472,114): warning C4244: 'argument': conversion from 'double' to 'float', possible loss of data
reverse.cpp(1472,102): warning C4244: 'argument': conversion from 'double' to 'float', possible loss of data
reverse.cpp(1472,82): warning C4244: 'argument': conversion from 'double' to 'float', possible loss of data
reverse.cpp(1472,62): warning C4244: 'argument': conversion from 'double' to 'float', possible loss of data
reverse.cpp(1473,116): warning C4244: 'argument': conversion from 'double' to 'float', possible loss of data
reverse.cpp(1473,104): warning C4244: 'argument': conversion from 'double' to 'float', possible loss of data
reverse.cpp(1473,84): warning C4244: 'argument': conversion from 'double' to 'float', possible loss of data
reverse.cpp(1473,63): warning C4244: 'argument': conversion from 'double' to 'float', possible loss of data
reverse.cpp(1474,122): warning C4244: 'argument': conversion from 'double' to 'float', possible loss of data
reverse.cpp(1474,102): warning C4244: 'argument': conversion from 'double' to 'float', possible loss of data
reverse.cpp(1474,74): warning C4244: 'argument': conversion from 'double' to 'float', possible loss of data
reverse.cpp(1474,58): warning C4244: 'argument': conversion from 'double' to 'float', possible loss of data
reverse.cpp(1475,126): warning C4244: 'argument': conversion from 'double' to 'float', possible loss of data
reverse.cpp(1475,105): warning C4244: 'argument': conversion from 'double' to 'float', possible loss of data
reverse.cpp(1475,76): warning C4244: 'argument': conversion from 'double' to 'float', possible loss of data
reverse.cpp(1475,59): warning C4244: 'argument': conversion from 'double' to 'float', possible loss of data
reverse.cpp(1476,116): warning C4244: 'argument': conversion from 'double' to 'float', possible loss of data
reverse.cpp(1476,99): warning C4244: 'argument': conversion from 'double' to 'float', possible loss of data
reverse.cpp(1476,74): warning C4244: 'argument': conversion from 'double' to 'float', possible loss of data
reverse.cpp(1476,58): warning C4244: 'argument': conversion from 'double' to 'float', possible loss of data
reverse.cpp(1477,120): warning C4244: 'argument': conversion from 'double' to 'float', possible loss of data
reverse.cpp(1477,102): warning C4244: 'argument': conversion from 'double' to 'float', possible loss of data
reverse.cpp(1477,76): warning C4244: 'argument': conversion from 'double' to 'float', possible loss of data
reverse.cpp(1477,59): warning C4244: 'argument': conversion from 'double' to 'float', possible loss of data
reverse.cpp(1478,106): warning C4244: 'argument': conversion from 'double' to 'float', possible loss of data
reverse.cpp(1478,95): warning C4244: 'argument': conversion from 'double' to 'float', possible loss of data
reverse.cpp(1478,76): warning C4244: 'argument': conversion from 'double' to 'float', possible loss of data
reverse.cpp(1478,59): warning C4244: 'argument': conversion from 'double' to 'float', possible loss of data
reverse.cpp(1479,108): warning C4244: 'argument': conversion from 'double' to 'float', possible loss of data
reverse.cpp(1479,97): warning C4244: 'argument': conversion from 'double' to 'float', possible loss of data
reverse.cpp(1479,78): warning C4244: 'argument': conversion from 'double' to 'float', possible loss of data
reverse.cpp(1479,60): warning C4244: 'argument': conversion from 'double' to 'float', possible loss of data
reverse.cpp(1480,116): warning C4244: 'argument': conversion from 'double' to 'float', possible loss of data
reverse.cpp(1480,99): warning C4244: 'argument': conversion from 'double' to 'float', possible loss of data
reverse.cpp(1480,74): warning C4244: 'argument': conversion from 'double' to 'float', possible loss of data
reverse.cpp(1480,58): warning C4244: 'argument': conversion from 'double' to 'float', possible loss of data
reverse.cpp(1481,120): warning C4244: 'argument': conversion from 'double' to 'float', possible loss of data
reverse.cpp(1481,102): warning C4244: 'argument': conversion from 'double' to 'float', possible loss of data
reverse.cpp(1481,76): warning C4244: 'argument': conversion from 'double' to 'float', possible loss of data
reverse.cpp(1481,59): warning C4244: 'argument': conversion from 'double' to 'float', possible loss of data
reverse.cpp(1482,114): warning C4244: 'argument': conversion from 'double' to 'float', possible loss of data
reverse.cpp(1482,98): warning C4244: 'argument': conversion from 'double' to 'float', possible loss of data
reverse.cpp(1482,74): warning C4244: 'argument': conversion from 'double' to 'float', possible loss of data
reverse.cpp(1482,58): warning C4244: 'argument': conversion from 'double' to 'float', possible loss of data
reverse.cpp(1483,118): warning C4244: 'argument': conversion from 'double' to 'float', possible loss of data
reverse.cpp(1483,101): warning C4244: 'argument': conversion from 'double' to 'float', possible loss of data
reverse.cpp(1483,76): warning C4244: 'argument': conversion from 'double' to 'float', possible loss of data
reverse.cpp(1483,59): warning C4244: 'argument': conversion from 'double' to 'float', possible loss of data
reverse.cpp(1501,36): warning C4244: 'argument': conversion from 'double' to 'float', possible loss of data
reverse.cpp(1501,21): warning C4244: 'argument': conversion from 'double' to 'float', possible loss of data
reverse.cpp(1505,62): warning C4459: declaration of 'color' hides global declaration
reverse.cpp(1321,3): message : see declaration of 'color'
reverse.cpp(1507,170): warning C4244: 'argument': conversion from 'double' to 'float', possible loss of data
reverse.cpp(1507,152): warning C4244: 'argument': conversion from 'double' to 'float', possible loss of data
reverse.cpp(1507,134): warning C4244: 'argument': conversion from 'double' to 'float', possible loss of data
reverse.cpp(1507,116): warning C4244: 'argument': conversion from 'double' to 'float', possible loss of data
reverse.cpp(1507,61): warning C4244: 'argument': conversion from 'int' to 'float', possible loss of data
reverse.cpp(1507,57): warning C4244: 'argument': conversion from 'int' to 'float', possible loss of data
reverse.cpp(1507,54): warning C4244: 'argument': conversion from 'int' to 'float', possible loss of data
reverse.cpp(1518,53): warning C4244: 'argument': conversion from 'int' to 'float', possible loss of data
reverse.cpp(1518,48): warning C4244: 'argument': conversion from 'int' to 'float', possible loss of data
reverse.cpp(1519,53): warning C4244: 'argument': conversion from 'int' to 'float', possible loss of data
reverse.cpp(1519,48): warning C4244: 'argument': conversion from 'int' to 'float', possible loss of data
reverse.cpp(1520,51): warning C4244: 'argument': conversion from 'int' to 'float', possible loss of data
reverse.cpp(1520,46): warning C4244: 'argument': conversion from 'int' to 'float', possible loss of data
reverse.cpp(1521,51): warning C4244: 'argument': conversion from 'int' to 'float', possible loss of data
reverse.cpp(1521,46): warning C4244: 'argument': conversion from 'int' to 'float', possible loss of data
reverse.cpp(1522,49): warning C4244: 'argument': conversion from 'int' to 'float', possible loss of data
reverse.cpp(1522,46): warning C4244: 'argument': conversion from 'int' to 'float', possible loss of data
reverse.cpp(1530,8): warning C4459: declaration of 'fovcircle' hides global declaration
reverse.cpp(24,6): message : see declaration of 'fovcircle'
reverse.cpp(1531,9): warning C4459: declaration of 'fovcirclefilled' hides global declaration
reverse.cpp(50,6): message : see declaration of 'fovcirclefilled'
reverse.cpp(1534,147): warning C4244: 'argument': conversion from 'float' to 'int', possible loss of data
reverse.cpp(1534,64): warning C4244: 'argument': conversion from 'DWORD' to 'float', possible loss of data
reverse.cpp(1534,49): warning C4244: 'argument': conversion from 'DWORD' to 'float', possible loss of data
reverse.cpp(1535,8): warning C4459: declaration of 'square_fov' hides global declaration
reverse.cpp(36,6): message : see declaration of 'square_fov'
reverse.cpp(1536,8): warning C4459: declaration of 'fovcircle' hides global declaration
reverse.cpp(24,6): message : see declaration of 'fovcircle'
reverse.cpp(1537,9): warning C4459: declaration of 'fovcirclefilled' hides global declaration
reverse.cpp(50,6): message : see declaration of 'fovcirclefilled'
reverse.cpp(1540,124): warning C4244: 'argument': conversion from 'float' to 'int', possible loss of data
reverse.cpp(1540,70): warning C4244: 'argument': conversion from 'DWORD' to 'float', possible loss of data
reverse.cpp(1540,55): warning C4244: 'argument': conversion from 'DWORD' to 'float', possible loss of data
reverse.cpp(1541,122): warning C4244: 'argument': conversion from 'float' to 'int', possible loss of data
reverse.cpp(1541,64): warning C4244: 'argument': conversion from 'DWORD' to 'float', possible loss of data
reverse.cpp(1541,49): warning C4244: 'argument': conversion from 'DWORD' to 'float', possible loss of data
reverse.cpp(1542,8): warning C4459: declaration of 'square_fov' hides global declaration
reverse.cpp(36,6): message : see declaration of 'square_fov'
reverse.cpp(1543,8): warning C4459: declaration of 'fovcircle' hides global declaration
reverse.cpp(24,6): message : see declaration of 'fovcircle'
reverse.cpp(1606,10): warning C4553: '==': result of expression not used; did you intend '='?
reverse.cpp(1618,10): warning C4553: '==': result of expression not used; did you intend '='?
reverse.cpp(1622,10): warning C4553: '==': result of expression not used; did you intend '='?
reverse.cpp(1626,10): warning C4553: '==': result of expression not used; did you intend '='?
reverse.cpp(1630,10): warning C4553: '==': result of expression not used; did you intend '='?
reverse.cpp(1634,10): warning C4553: '==': result of expression not used; did you intend '='?
reverse.cpp(1638,10): warning C4553: '==': result of expression not used; did you intend '='?
reverse.cpp(1642,10): warning C4553: '==': result of expression not used; did you intend '='?
reverse.cpp(1646,10): warning C4553: '==': result of expression not used; did you intend '='?
reverse.cpp(1650,10): warning C4553: '==': result of expression not used; did you intend '='?
reverse.cpp(1654,10): warning C4553: '==': result of expression not used; did you intend '='?
reverse.cpp(1658,10): warning C4553: '==': result of expression not used; did you intend '='?
reverse.cpp(1662,10): warning C4553: '==': result of expression not used; did you intend '='?
reverse.cpp(1666,10): warning C4553: '==': result of expression not used; did you intend '='?
reverse.cpp(1670,10): warning C4553: '==': result of expression not used; did you intend '='?
reverse.cpp(1674,10): warning C4553: '==': result of expression not used; did you intend '='?
reverse.cpp(1678,10): warning C4553: '==': result of expression not used; did you intend '='?
reverse.cpp(1682,10): warning C4553: '==': result of expression not used; did you intend '='?
reverse.cpp(1686,10): warning C4553: '==': result of expression not used; did you intend '='?
reverse.cpp(1690,10): warning C4553: '==': result of expression not used; did you intend '='?
reverse.cpp(1694,10): warning C4553: '==': result of expression not used; did you intend '='?
reverse.cpp(1698,10): warning C4553: '==': result of expression not used; did you intend '='?
reverse.cpp(1702,10): warning C4553: '==': result of expression not used; did you intend '='?
reverse.cpp(1706,10): warning C4553: '==': result of expression not used; did you intend '='?
reverse.cpp(1710,10): warning C4553: '==': result of expression not used; did you intend '='?
reverse.cpp(1714,10): warning C4553: '==': result of expression not used; did you intend '='?
reverse.cpp(1718,10): warning C4553: '==': result of expression not used; did you intend '='?
reverse.cpp(1722,10): warning C4553: '==': result of expression not used; did you intend '='?
reverse.cpp(1726,10): warning C4553: '==': result of expression not used; did you intend '='?
reverse.cpp(1730,10): warning C4553: '==': result of expression not used; did you intend '='?
reverse.cpp(1734,10): warning C4553: '==': result of expression not used; did you intend '='?
reverse.cpp(1738,10): warning C4553: '==': result of expression not used; did you intend '='?
reverse.cpp(1742,10): warning C4553: '==': result of expression not used; did you intend '='?
reverse.cpp(1746,10): warning C4553: '==': result of expression not used; did you intend '='?
reverse.cpp(1750,10): warning C4553: '==': result of expression not used; did you intend '='?
reverse.cpp(1754,10): warning C4553: '==': result of expression not used; did you intend '='?
reverse.cpp(1758,10): warning C4553: '==': result of expression not used; did you intend '='?
reverse.cpp(1762,10): warning C4553: '==': result of expression not used; did you intend '='?
reverse.cpp(1766,10): warning C4553: '==': result of expression not used; did you intend '='?
reverse.cpp(1770,10): warning C4553: '==': result of expression not used; did you intend '='?
reverse.cpp(1774,10): warning C4553: '==': result of expression not used; did you intend '='?
reverse.cpp(1778,10): warning C4553: '==': result of expression not used; did you intend '='?
reverse.cpp(1782,10): warning C4553: '==': result of expression not used; did you intend '='?
reverse.cpp(1786,10): warning C4553: '==': result of expression not used; did you intend '='?
reverse.cpp(1790,10): warning C4553: '==': result of expression not used; did you intend '='?
reverse.cpp(1794,10): warning C4553: '==': result of expression not used; did you intend '='?
reverse.cpp(1798,10): warning C4553: '==': result of expression not used; did you intend '='?
reverse.cpp(1802,10): warning C4553: '==': result of expression not used; did you intend '='?
reverse.cpp(1806,10): warning C4553: '==': result of expression not used; did you intend '='?
reverse.cpp(1810,10): warning C4553: '==': result of expression not used; did you intend '='?
reverse.cpp(1814,10): warning C4553: '==': result of expression not used; did you intend '='?
reverse.cpp(1818,10): warning C4553: '==': result of expression not used; did you intend '='?
reverse.cpp(1832,12): warning C4459: declaration of 'PlayerCameraManager' hides global declaration
reverse.cpp(84,11): message : see declaration of 'PlayerCameraManager'
reverse.cpp(1881,8): warning C4456: declaration of 'entityListCopy' hides previous local declaration
reverse.cpp(1821,7): message : see declaration of 'entityListCopy'
reverse.cpp(1900,82): warning C4244: 'argument': conversion from 'double' to 'float', possible loss of data
reverse.cpp(1900,68): warning C4244: 'argument': conversion from 'double' to 'float', possible loss of data
reverse.cpp(1900,57): warning C4244: 'argument': conversion from 'double' to 'float', possible loss of data
reverse.cpp(1901,81): warning C4244: 'argument': conversion from 'double' to 'float', possible loss of data
reverse.cpp(1901,70): warning C4244: 'argument': conversion from 'double' to 'float', possible loss of data
reverse.cpp(1901,59): warning C4244: 'argument': conversion from 'double' to 'float', possible loss of data
reverse.cpp(1902,81): warning C4244: 'argument': conversion from 'double' to 'float', possible loss of data
reverse.cpp(1902,70): warning C4244: 'argument': conversion from 'double' to 'float', possible loss of data
reverse.cpp(1902,59): warning C4244: 'argument': conversion from 'double' to 'float', possible loss of data
reverse.cpp(1907,93): warning C4244: 'argument': conversion from 'double' to 'float', possible loss of data
reverse.cpp(1907,77): warning C4244: 'argument': conversion from 'double' to 'float', possible loss of data
reverse.cpp(1907,64): warning C4244: 'argument': conversion from 'double' to 'float', possible loss of data
reverse.cpp(1919,22): warning C4244: 'initializing': conversion from 'double' to 'float', possible loss of data
reverse.cpp(1928,104): warning C4244: 'argument': conversion from 'int' to 'float', possible loss of data
reverse.cpp(1928,91): warning C4244: 'argument': conversion from 'int' to 'float', possible loss of data
reverse.cpp(1928,68): warning C4244: 'argument': conversion from 'int' to 'float', possible loss of data
reverse.cpp(1928,56): warning C4244: 'argument': conversion from 'int' to 'float', possible loss of data
reverse.cpp(1929,104): warning C4244: 'argument': conversion from 'int' to 'float', possible loss of data
reverse.cpp(1929,91): warning C4244: 'argument': conversion from 'int' to 'float', possible loss of data
reverse.cpp(1929,68): warning C4244: 'argument': conversion from 'int' to 'float', possible loss of data
reverse.cpp(1929,56): warning C4244: 'argument': conversion from 'int' to 'float', possible loss of data
reverse.cpp(1930,103): warning C4244: 'argument': conversion from 'int' to 'float', possible loss of data
reverse.cpp(1930,87): warning C4244: 'argument': conversion from 'int' to 'float', possible loss of data
reverse.cpp(1930,68): warning C4244: 'argument': conversion from 'int' to 'float', possible loss of data
reverse.cpp(1930,56): warning C4244: 'argument': conversion from 'int' to 'float', possible loss of data
reverse.cpp(1931,103): warning C4244: 'argument': conversion from 'int' to 'float', possible loss of data
reverse.cpp(1931,87): warning C4244: 'argument': conversion from 'int' to 'float', possible loss of data
reverse.cpp(1931,68): warning C4244: 'argument': conversion from 'int' to 'float', possible loss of data
reverse.cpp(1931,56): warning C4244: 'argument': conversion from 'int' to 'float', possible loss of data
reverse.cpp(1940,77): warning C4244: 'argument': conversion from 'float' to 'int', possible loss of data
reverse.cpp(1940,64): warning C4244: 'argument': conversion from 'float' to 'int', possible loss of data
reverse.cpp(1940,60): warning C4244: 'argument': conversion from 'double' to 'int', possible loss of data
reverse.cpp(1940,32): warning C4244: 'argument': conversion from 'double' to 'int', possible loss of data
reverse.cpp(1941,76): warning C4244: 'argument': conversion from 'float' to 'int', possible loss of data
reverse.cpp(1941,63): warning C4244: 'argument': conversion from 'float' to 'int', possible loss of data
reverse.cpp(1941,59): warning C4244: 'argument': conversion from 'double' to 'int', possible loss of data
reverse.cpp(1941,31): warning C4244: 'argument': conversion from 'double' to 'int', possible loss of data
reverse.cpp(1948,77): warning C4244: 'argument': conversion from 'float' to 'int', possible loss of data
reverse.cpp(1948,64): warning C4244: 'argument': conversion from 'float' to 'int', possible loss of data
reverse.cpp(1948,60): warning C4244: 'argument': conversion from 'double' to 'int', possible loss of data
reverse.cpp(1948,32): warning C4244: 'argument': conversion from 'double' to 'int', possible loss of data
reverse.cpp(1956,52): warning C4244: 'argument': conversion from 'double' to 'float', possible loss of data
reverse.cpp(1956,24): warning C4244: 'argument': conversion from 'double' to 'float', possible loss of data
reverse.cpp(1964,42): warning C4244: 'argument': conversion from 'double' to 'int', possible loss of data
reverse.cpp(1964,28): warning C4244: 'argument': conversion from 'double' to 'int', possible loss of data
reverse.cpp(1983,99): warning C4244: 'argument': conversion from 'double' to 'float', possible loss of data
reverse.cpp(1983,84): warning C4244: 'argument': conversion from 'double' to 'float', possible loss of data
reverse.cpp(1983,66): warning C4244: 'argument': conversion from 'double' to 'float', possible loss of data
reverse.cpp(1984,99): warning C4244: 'argument': conversion from 'double' to 'float', possible loss of data
reverse.cpp(1984,84): warning C4244: 'argument': conversion from 'double' to 'float', possible loss of data
reverse.cpp(1984,66): warning C4244: 'argument': conversion from 'double' to 'float', possible loss of data
reverse.cpp(1985,99): warning C4244: 'argument': conversion from 'double' to 'float', possible loss of data
reverse.cpp(1985,84): warning C4244: 'argument': conversion from 'double' to 'float', possible loss of data
reverse.cpp(1985,66): warning C4244: 'argument': conversion from 'double' to 'float', possible loss of data
reverse.cpp(1986,99): warning C4244: 'argument': conversion from 'double' to 'float', possible loss of data
reverse.cpp(1986,84): warning C4244: 'argument': conversion from 'double' to 'float', possible loss of data
reverse.cpp(1986,66): warning C4244: 'argument': conversion from 'double' to 'float', possible loss of data
reverse.cpp(1988,99): warning C4244: 'argument': conversion from 'double' to 'float', possible loss of data
reverse.cpp(1988,81): warning C4244: 'argument': conversion from 'double' to 'float', possible loss of data
reverse.cpp(1988,63): warning C4244: 'argument': conversion from 'double' to 'float', possible loss of data
reverse.cpp(1989,99): warning C4244: 'argument': conversion from 'double' to 'float', possible loss of data
reverse.cpp(1989,81): warning C4244: 'argument': conversion from 'double' to 'float', possible loss of data
reverse.cpp(1989,63): warning C4244: 'argument': conversion from 'double' to 'float', possible loss of data
reverse.cpp(1990,99): warning C4244: 'argument': conversion from 'double' to 'float', possible loss of data
reverse.cpp(1990,81): warning C4244: 'argument': conversion from 'double' to 'float', possible loss of data
reverse.cpp(1990,63): warning C4244: 'argument': conversion from 'double' to 'float', possible loss of data
reverse.cpp(1991,99): warning C4244: 'argument': conversion from 'double' to 'float', possible loss of data
reverse.cpp(1991,81): warning C4244: 'argument': conversion from 'double' to 'float', possible loss of data
reverse.cpp(1991,63): warning C4244: 'argument': conversion from 'double' to 'float', possible loss of data
reverse.cpp(1993,93): warning C4244: 'argument': conversion from 'double' to 'float', possible loss of data
reverse.cpp(1993,85): warning C4244: 'argument': conversion from 'double' to 'float', possible loss of data
reverse.cpp(1993,69): warning C4244: 'argument': conversion from 'double' to 'float', possible loss of data
reverse.cpp(1993,58): warning C4244: 'argument': conversion from 'double' to 'float', possible loss of data
reverse.cpp(1994,93): warning C4244: 'argument': conversion from 'double' to 'float', possible loss of data
reverse.cpp(1994,85): warning C4244: 'argument': conversion from 'double' to 'float', possible loss of data
reverse.cpp(1994,69): warning C4244: 'argument': conversion from 'double' to 'float', possible loss of data
reverse.cpp(1994,58): warning C4244: 'argument': conversion from 'double' to 'float', possible loss of data
reverse.cpp(1995,93): warning C4244: 'argument': conversion from 'double' to 'float', possible loss of data
reverse.cpp(1995,85): warning C4244: 'argument': conversion from 'double' to 'float', possible loss of data
reverse.cpp(1995,69): warning C4244: 'argument': conversion from 'double' to 'float', possible loss of data
reverse.cpp(1995,58): warning C4244: 'argument': conversion from 'double' to 'float', possible loss of data
reverse.cpp(1996,93): warning C4244: 'argument': conversion from 'double' to 'float', possible loss of data
reverse.cpp(1996,85): warning C4244: 'argument': conversion from 'double' to 'float', possible loss of data
reverse.cpp(1996,69): warning C4244: 'argument': conversion from 'double' to 'float', possible loss of data
reverse.cpp(1996,58): warning C4244: 'argument': conversion from 'double' to 'float', possible loss of data
reverse.cpp(1998,99): warning C4244: 'argument': conversion from 'double' to 'float', possible loss of data
reverse.cpp(1998,88): warning C4244: 'argument': conversion from 'double' to 'float', possible loss of data
reverse.cpp(1998,69): warning C4244: 'argument': conversion from 'double' to 'float', possible loss of data
reverse.cpp(1998,58): warning C4244: 'argument': conversion from 'double' to 'float', possible loss of data
reverse.cpp(1999,99): warning C4244: 'argument': conversion from 'double' to 'float', possible loss of data
reverse.cpp(1999,88): warning C4244: 'argument': conversion from 'double' to 'float', possible loss of data
reverse.cpp(1999,69): warning C4244: 'argument': conversion from 'double' to 'float', possible loss of data
reverse.cpp(1999,58): warning C4244: 'argument': conversion from 'double' to 'float', possible loss of data
reverse.cpp(2000,99): warning C4244: 'argument': conversion from 'double' to 'float', possible loss of data
reverse.cpp(2000,88): warning C4244: 'argument': conversion from 'double' to 'float', possible loss of data
reverse.cpp(2000,69): warning C4244: 'argument': conversion from 'double' to 'float', possible loss of data
reverse.cpp(2000,58): warning C4244: 'argument': conversion from 'double' to 'float', possible loss of data
reverse.cpp(2001,99): warning C4244: 'argument': conversion from 'double' to 'float', possible loss of data
reverse.cpp(2001,88): warning C4244: 'argument': conversion from 'double' to 'float', possible loss of data
reverse.cpp(2001,69): warning C4244: 'argument': conversion from 'double' to 'float', possible loss of data
reverse.cpp(2001,58): warning C4244: 'argument': conversion from 'double' to 'float', possible loss of data
reverse.cpp(2003,87): warning C4244: 'argument': conversion from 'double' to 'float', possible loss of data
reverse.cpp(2003,79): warning C4244: 'argument': conversion from 'double' to 'float', possible loss of data
reverse.cpp(2003,63): warning C4244: 'argument': conversion from 'double' to 'float', possible loss of data
reverse.cpp(2003,55): warning C4244: 'argument': conversion from 'double' to 'float', possible loss of data
reverse.cpp(2004,87): warning C4244: 'argument': conversion from 'double' to 'float', possible loss of data
reverse.cpp(2004,79): warning C4244: 'argument': conversion from 'double' to 'float', possible loss of data
reverse.cpp(2004,63): warning C4244: 'argument': conversion from 'double' to 'float', possible loss of data
reverse.cpp(2004,55): warning C4244: 'argument': conversion from 'double' to 'float', possible loss of data
reverse.cpp(2005,87): warning C4244: 'argument': conversion from 'double' to 'float', possible loss of data
reverse.cpp(2005,79): warning C4244: 'argument': conversion from 'double' to 'float', possible loss of data
reverse.cpp(2005,63): warning C4244: 'argument': conversion from 'double' to 'float', possible loss of data
reverse.cpp(2005,55): warning C4244: 'argument': conversion from 'double' to 'float', possible loss of data
reverse.cpp(2006,87): warning C4244: 'argument': conversion from 'double' to 'float', possible loss of data
reverse.cpp(2006,79): warning C4244: 'argument': conversion from 'double' to 'float', possible loss of data
reverse.cpp(2006,63): warning C4244: 'argument': conversion from 'double' to 'float', possible loss of data
reverse.cpp(2006,55): warning C4244: 'argument': conversion from 'double' to 'float', possible loss of data
reverse.cpp(2014,64): warning C4244: 'argument': conversion from 'double' to 'int', possible loss of data
reverse.cpp(2014,54): warning C4244: 'argument': conversion from 'double' to 'int', possible loss of data
reverse.cpp(2031,29): warning C4244: 'argument': conversion from 'double' to 'float', possible loss of data
reverse.cpp(1837,8): warning C4189: 'ActorCount': local variable is initialized but not referenced
reverse.cpp(1840,7): warning C4189: 'bisBot': local variable is initialized but not referenced
reverse.cpp(1839,7): warning C4189: 'bisDying': local variable is initialized but not referenced
reverse.cpp(1841,7): warning C4189: 'bIsReloadingWeapon': local variable is initialized but not referenced
reverse.cpp(1838,12): warning C4189: 'AActors': local variable is initialized but not referenced
reverse.cpp(1830,12): warning C4189: 'pcmc': local variable is initialized but not referenced
reverse.cpp(1844,11): warning C4189: 'CurrentVehicle': local variable is initialized but not referenced
reverse.cpp(1531,9): warning C4189: 'fovcirclefilled': local variable is initialized but not referenced
reverse.cpp(1530,8): warning C4189: 'fovcircle': local variable is initialized but not referenced
reverse.cpp(1537,9): warning C4189: 'fovcirclefilled': local variable is initialized but not referenced
reverse.cpp(1536,8): warning C4189: 'fovcircle': local variable is initialized but not referenced
reverse.cpp(1535,8): warning C4189: 'square_fov': local variable is initialized but not referenced
reverse.cpp(1543,8): warning C4189: 'fovcircle': local variable is initialized but not referenced
reverse.cpp(1542,8): warning C4189: 'square_fov': local variable is initialized but not referenced
reverse.cpp(1913,9): warning C4189: 'LeftX': local variable is initialized but not referenced
reverse.cpp(1914,9): warning C4189: 'LeftY': local variable is initialized but not referenced
reverse.cpp(1871,7): warning C4101: 'NewPlayerLocationY': unreferenced local variable
reverse.cpp(1879,8): warning C4189: 'isDBNO': local variable is initialized but not referenced
reverse.cpp(1870,7): warning C4101: 'NewPlayerLocationX': unreferenced local variable
reverse.cpp(2278,23): warning C4244: '=': conversion from 'LONG' to 'float', possible loss of data
reverse.cpp(2279,23): warning C4244: '=': conversion from 'LONG' to 'float', possible loss of data
reverse.cpp(2316,42): warning C4459: declaration of 'Message' hides global declaration
reverse.cpp(2236,5): message : see declaration of 'Message'
C:\Users\innit\Desktop\fortnite src\fortnite-updated-source-main_1\fortnite-updated-source-main\reverse\xor.hpp(224,33): warning C4244: '=': conversion from 'int' to 'char', possible loss of data
C:\Users\innit\Desktop\fortnite src\fortnite-updated-source-main_1\fortnite-updated-source-main\reverse\xor.hpp(222,1): message : while compiling class template member function 'char *CXorString<IndexList<0,1,2,3,4,5,6,7,8,9,10>>::decrypt(void)'
reverse.cpp(2120,16): message : see reference to function template instantiation 'char *CXorString<IndexList<0,1,2,3,4,5,6,7,8,9,10>>::decrypt(void)' being compiled
reverse.cpp(2069,3): message : see reference to class template instantiation 'CXorString<IndexList<0,1,2,3,4,5,6,7,8,9,10>>' being compiled
C:\Users\innit\Desktop\fortnite src\fortnite-updated-source-main_1\fortnite-updated-source-main\reverse\Print.hpp(161,20): warning C4505: 'string_to_timet': unreferenced function with internal linkage has been removed
C:\Users\innit\Desktop\fortnite src\fortnite-updated-source-main_1\fortnite-updated-source-main\reverse\Print.hpp(168,16): warning C4505: 'timet_to_tm': unreferenced function with internal linkage has been removed
reverse.cpp(1505,13): warning C4505: 'DrawCircleFilled': unreferenced function with internal linkage has been removed
  Generating code
  64 of 1489 functions ( 4.3%) were compiled, the rest were copied from previous compilation.
    36 functions were new in current compilation
    20 functions had inline decision re-evaluated but remain unchanged
  Finished generating code
  reverse.vcxproj -> C:\Users\innit\Desktop\fortnite src\fortnite-updated-source-main_1\fortnite-updated-source-main\x64\Release\commy.exe
